make all --print-data-base --no-builtin-variables --no-builtin-rules --question
# GNU Make 3.81
# Copyright (C) 2006  Free Software Foundation, Inc.
# This is free software; see the source for copying conditions.
# There is NO warranty; not even for MERCHANTABILITY or FITNESS FOR A
# PARTICULAR PURPOSE.

# This program built for i386-apple-darwin11.3.0
 
make: *** No rule to make target `all'.  Stop.


# Make data base, printed on Tue Apr 26 10:13:46 2022

# Variables

# automatic
<D = $(patsubst %/,%,$(dir $<))
# automatic
?F = $(notdir $?)
# environment
GREP_COLOR = 1;33
# environment
VSCODE_LOG_NATIVE = false
# makefile (from `makefile', line 43)
TARGET := main
# environment
NVM_INC = /Users/skovborg/.nvm/versions/node/v12.22.7/include/node
# automatic
?D = $(patsubst %/,%,$(dir $?))
# makefile (from `makefile', line 26)
INCLUDES := src/epicr.h
# automatic
@D = $(patsubst %/,%,$(dir $@))
# automatic
@F = $(notdir $@)
# makefile
CURDIR := /Users/skovborg/Documents/P4-lang
# makefile
SHELL = /bin/sh
# makefile (from `makefile', line 35)
RM = rm -rf
# environment
VSCODE_NLS_CONFIG = {"locale":"en-gb","availableLanguages":{},"_languagePackSupport":true}
# environment
_ = /usr/bin/make
# makefile (from `makefile', line 1)
MAKEFILE_LIST :=  makefile
# makefile (from `makefile', line 23)
TESTDIR := src/testing
# makefile (from `makefile', line 25)
SOURCES := src/epicr.cpp src/lexer.cpp src/main.cpp src/minf.cpp src/outgen.cpp src/parser.cpp src/visitor.cpp
# makefile (from `makefile', line 9)
CXXFLAGS = -std=c++17 -Wall -Wextra -Wpointer-arith -Wcast-qual -Wno-missing-braces -Wempty-body -Wno-error=uninitialized -Wno-error=deprecated-declarations -pedantic -fansi-escape-codes -Os
# environment
VSCODE_VERBOSE_LOGGING = true
# makefile (from `makefile', line 36)
MKDIRS = mkdir -p $(BINDIR) $(OBJDIR)
# makefile (from `makefile', line 42)
T_TARGETS := bin/exceptions.test bin/lexer.test bin/parser.test bin/visitor.test
# environment
VSCODE_IPC_HOOK_EXTHOST = /var/folders/p3/l8gv4rs10cq19yyzb5vwdpjw0000gn/T/vscode-ipc-7bfe4dad-c67c-4c32-b71a-69064f5986e7.sock
# environment
VSCODE_CWD = /
# makefile (from `makefile', line 22)
DISDIR = dist
# environment
PATH = /Users/skovborg/.nvm/versions/node/v12.22.7/bin:/Library/Frameworks/Python.framework/Versions/3.10/bin:/usr/local/bin:/usr/bin:/bin:/usr/sbin:/sbin:/usr/local/share/dotnet:/opt/X11/bin:~/.dotnet/tools:/Library/Frameworks/Mono.framework/Versions/Current/Commands:/Users/skovborg/Documents/commands
# makefile (from `makefile', line 33)
T_LIBOBJS := obj/test_lib.o
# makefile (from `makefile', line 16)
LD = clang++ -o
# environment
LSCOLORS = exfxcxdxbxegedabagacad
# environment
NVM_BIN = /Users/skovborg/.nvm/versions/node/v12.22.7/bin
# environment
VSCODE_LOG_STACK = false
# environment
ELECTRON_RUN_AS_NODE = 1
# makefile (from `makefile', line 17)
LDFLAGS = -Wall -pedantic
# default
.FEATURES := target-specific order-only second-expansion else-if archives jobserver check-symlink
# environment
LS_COLORS = di=34;40:ln=35;40:so=32;40:pi=33;40:ex=31;40:bd=34;46:cd=34;43:su=0;41:sg=0;46:tw=0;42:ow=0;43:
# environment
SSH_AUTH_SOCK = /private/tmp/com.apple.launchd.vkxipaneYi/Listeners
# makefile (from `makefile', line 19)
SRCDIR = src
# automatic
%F = $(notdir $%)
# environment
DISPLAY = /private/tmp/com.apple.launchd.nLO7CZF46D/org.xquartz:0
# environment
VSCODE_PIPE_LOGGING = true
# environment
PWD = /Users/skovborg/Documents/P4-lang
# environment
ORIGINAL_XDG_CURRENT_DESKTOP = undefined
# environment
VSCODE_AMD_ENTRYPOINT = vs/workbench/api/node/extensionHostProcess
# environment
HOME = /Users/skovborg
# default
MAKEFILEPATH = $(shell /usr/bin/xcode-select -print-path 2>/dev/null || echo /Developer)/Makefiles
# environment
 
VSCODE_CODE_CACHE_PATH = /Users/skovborg/Library/Application Support/Code/CachedData/e18005f0f1b33c29e81d732535d8c0e47cafb0b5
# environment
LOGNAME = skovborg
# environment
APPLICATION_INSIGHTS_NO_DIAGNOSTIC_CHANNEL = true
# environment
NVM_CD_FLAGS = -q
# makefile (from `makefile', line 32)
T_OBJECTS := obj/exceptions.test.o obj/lexer.test.o obj/parser.test.o obj/test_lib.o obj/visitor.test.o
# environment
ZSH = /Users/skovborg/.oh-my-zsh
# environment
VSCODE_HANDLES_UNCAUGHT_ERRORS = true
# automatic
^D = $(patsubst %/,%,$(dir $^))
# environment
XPC_FLAGS = 0x0
# default
MAKE = $(MAKE_COMMAND)
# default
MAKECMDGOALS := all
# environment
SHLVL = 1
# makefile (from `makefile', line 21)
BINDIR = bin
# default
MAKE_VERSION := 3.81
# environment
USER = skovborg
# makefile
.DEFAULT_GOAL := bin/exceptions.test
# environment
LESS = -R
# automatic
%D = $(patsubst %/,%,$(dir $%))
# default
MAKE_COMMAND := /Library/Developer/CommandLineTools/usr/bin/make
# default
.VARIABLES := 
# environment
TMPDIR = /var/folders/p3/l8gv4rs10cq19yyzb5vwdpjw0000gn/T/
# automatic
*F = $(notdir $*)
# environment
VSCODE_IPC_HOOK = /Users/skovborg/Library/Application Support/Code/1.66.0-main.sock
# makefile
MAKEFLAGS = Rrqp
# environment
MFLAGS = -Rrqp
# automatic
*D = $(patsubst %/,%,$(dir $*))
# environment
NVM_DIR = /Users/skovborg/.nvm
# environment
XPC_SERVICE_NAME = com.apple.xpc.launchd.oneshot.0x1000012d.Electron
# automatic
+D = $(patsubst %/,%,$(dir $+))
# automatic
+F = $(notdir $+)
# makefile (from `makefile', line 29)
T_TARGET_SOURCES := src/testing/exceptions.test.cpp src/testing/lexer.test.cpp src/testing/parser.test.cpp src/testing/visitor.test.cpp
# environment
__CF_USER_TEXT_ENCODING = 0x1F5:0:2
# environment
COMMAND_MODE = unix2003
# default
MAKEFILES := 
# automatic
<F = $(notdir $<)
# makefile (from `makefile', line 20)
OBJDIR = obj
# makefile (from `makefile', line 8)
CXX = clang++
# environment
PAGER = less
# environment
LC_ALL = C
# automatic
^F = $(notdir $^)
# makefile (from `makefile', line 30)
T_SOURCES := src/testing/exceptions.test.cpp src/testing/lexer.test.cpp src/testing/parser.test.cpp src/testing/test_lib.cpp src/testing/visitor.test.cpp
# default
SUFFIXES := 
# makefile (from `makefile', line 31)
T_INCLUDES := src/testing/test_lib.h
# default
.INCLUDE_DIRS = /usr/local/include
# environment
MAKELEVEL := 0
# makefile (from `makefile', line 27)
OBJECTS := obj/epicr.o obj/lexer.o obj/main.o obj/minf.o obj/outgen.o obj/parser.o obj/visitor.o
# environment
LANG = C
# environment
VSCODE_PID = 761
# variable set hash-table stats:
# Load=93/1024=9%, Rehash=0, Collisions=10/153=7%

# Pattern-specific Variable Values

# No pattern-specific variable values.

# Directories

 
# . (device 16777222, inode 3185192): 20 files, no impossibilities.
# src/testing (device 16777222, inode 4170462): 8 files, no impossibilities.
# src (device 16777222, inode 4170369): 14 files, no impossibilities.

# 42 files, no impossibilities in 3 directories.

# Implicit Rules

# No implicit rules.

# Files

# Not a target:
src/outgen.cpp:
#  Implicit rule search has not been done.
#  Modification time never checked.
#  File has not been updated.

obj/parser.o: src/parser.cpp
#  Implicit rule search has not been done.
#  Implicit/static pattern stem: `parser'
#  Modification time never checked.
#  File has not been updated.
#  commands to execute (from `makefile', line 57):
	@$(MKDIRS)
	@$(CXX) $(CXXFLAGS) -c $< -o $@
	@echo "Compiled "$<" successfully!"
	

# Not a target:
src/testing/test_lib.cpp:
#  Implicit rule search has not been done.
#  Modification time never checked.
#  File has not been updated.

# Not a target:
src/testing/exceptions.test.cpp:
#  Implicit rule search has not been done.
#  Modification time never checked.
#  File has not been updated.

# Not a target:
all:
#  Command-line target.
#  Implicit rule search has been done.
#  File does not exist.
#  File has not been updated.
# variable set hash-table stats:
# Load=0/32=0%, Rehash=0, Collisions=0/0=0%

.PHONY: clean remove dirs test run gui
#  Implicit rule search has not been done.
#  Modification time never checked.
#  File has not been updated.

# Not a target:
src/testing/parser.test.cpp:
#  Implicit rule search has not been done.
#  Modification time never checked.
#  File has not been updated.

obj/lexer.test.o: src/testing/lexer.test.cpp
#  Implicit rule search has not been done.
#  Implicit/static pattern stem: `lexer.test'
#  Modification time never checked.
#  File has not been updated.
#  commands to execute (from `makefile', line 49):
	@$(MKDIRS)
	@$(CXX) $(CXXFLAGS) -c $< -o $@
	

obj/main.o: src/main.cpp
#  Implicit rule search has not been done.
#  Implicit/static pattern stem: `main'
#  Modification time never checked.
#  File has not been updated.
#  commands to execute (from `makefile', line 57):
	@$(MKDIRS)
	@$(CXX) $(CXXFLAGS) -c $< -o $@
	@echo "Compiled "$<" successfully!"
	

# Not a target:
.SUFFIXES:
#  Implicit rule search has not been done.
#  Modification time never checked.
#  File has not been updated.

remove: clean
#  Phony target (prerequisite of .PHONY).
#  Implicit rule search has not been done.
#  File does not exist.
#  File has not been updated.
#  commands to execute (from `makefile', line 68):
	@$(RM) $(BINDIR)
	@echo "Executables removed!"
	

obj/lexer.o: src/lexer.cpp
#  Implicit rule search has not been done.
#  Implicit/static pattern stem: `lexer'
#  Modification time never checked.
#  File has not been updated.
#  commands to execute (from `makefile', line 57):
	@$(MKDIRS)
	@$(CXX) $(CXXFLAGS) -c $< -o $@
	@echo "Compiled "$<" successfully!"
	

obj/epicr.o: src/epicr.cpp
#  Implicit rule search has not been done.
#  Implicit/static pattern stem: `epicr'
#  Modification time never checked.
#  File has not been updated.
#  commands to execute (from `makefile', line 57):
	@$(MKDIRS)
	@$(CXX) $(CXXFLAGS) -c $< -o $@
	@echo "Compiled "$<" successfully!"
	

test::
#  Phony target (prerequisite of .PHONY).
#  Implicit rule search has not been done.
#  File does not exist.
#  File has not been updated.
#  commands to execute (from `makefile', line 80):
	@rm -rf $(BINDIR)/.tests
	

test:: bin/exceptions.test bin/lexer.test bin/parser.test bin/visitor.test
#  Phony target (prerequisite of .PHONY).
#  Implicit rule search has not been done.
#  File does not exist.
#  File has not been updated.
#  commands to execute (from `makefile', line 82):
	@echo "Finished tests"
	

# Not a target:
makefile:
#  Implicit rule search has been done.
#  Last modified 2022-04-26 09:50:20
#  File has been updated.
#  Successfully updated.
# variable set hash-table stats:
# Load=0/32=0%, Rehash=0, Collisions=0/0=0%

# Not a target:
src/visitor.cpp:
#  Implicit rule search has not been done.
#  Modification time never checked.
#  File has not been updated.

bin/visitor.test:: obj/exceptions.test.o obj/lexer.test.o obj/parser.test.o obj/test_lib.o obj/visitor.test.o obj/epicr.o obj/lexer.o obj/main.o obj/minf.o obj/outgen.o obj/parser.o obj/visitor.o
#  Implicit rule search has not been done.
#  Modification time never checked.
#  File has not been updated.
#  commands to execute (from `makefile', line 46):
	@$(LD) $@ $(LDFLAGS) $(T_LIBOBJS) $(filter-out obj/main.o, $(OBJECTS)) $(subst $(BINDIR),$(OBJDIR),$@).o
	

bin/visitor.test::
#  Implicit rule search has not been done.
#  Modification time never checked.
#  File has not been updated.
#  commands to execute (from `makefile', line 72):
	@echo "Running \033[4m$(subst $(BINDIR)/,,$@)\033[0m"
	@./$@
	

# Not a target:
src/minf.cpp:
#  Implicit rule search has not been done.
#  Modification time never checked.
#  File has not been updated.

# Not a target:
src/testing/lexer.test.cpp:
#  Implicit rule search has not been done.
#  Modification time never checked.
#  File has not been updated.

dirs:
#  Phony target (prerequisite of .PHONY).
#  Implicit rule search has not been done.
#  File does not exist.
#  File has not been updated.

bin/exceptions.test:: obj/exceptions.test.o obj/lexer.test.o obj/parser.test.o obj/test_lib.o obj/visitor.test.o obj/epicr.o obj/lexer.o obj/main.o obj/minf.o obj/outgen.o obj/parser.o obj/visitor.o
#  Implicit rule search has not been done.
#  Modification time never checked.
#  File has not been updated.
#  commands to execute (from `makefile', line 46):
	@$(LD) $@ $(LDFLAGS) $(T_LIBOBJS) $(filter-out obj/main.o, $(OBJECTS)) $(subst $(BINDIR),$(OBJDIR),$@).o
	

bin/exceptions.test::
#  Implicit rule search has not been done.
#  Modification time never checked.
#  File has not been updated.
#  commands to execute (from `makefile', line 72):
	@echo "Running \033[4m$(subst $(BINDIR)/,,$@)\033[0m"
	@./$@
	

watch:
#  Implicit rule search has not been done.
#  Modification time never checked.
#  File has not been updated.
#  commands to execute (from `makefile', line 85):
	while true; do make run -q || make run; sleep 0.5; done
	

# Not a target:
src/parser.cpp:
#  Implicit rule search has not been done.
#  Modification time never checked.
#  File has not been updated.

obj/outgen.o: src/outgen.cpp
#  Implicit rule search has not been done.
#  Implicit/static pattern stem: `outgen'
#  Modification time never checked.
#  File has not been updated.
#  commands to execute (from `makefile', line 57):
	@$(MKDIRS)
	@$(CXX) $(CXXFLAGS) -c $< -o $@
	@echo "Compiled "$<" successfully!"
	

bin/parser.test:: obj/exceptions.test.o obj/lexer.test.o obj/parser.test.o obj/test_lib.o obj/visitor.test.o obj/epicr.o obj/lexer.o obj/main.o obj/minf.o obj/outgen.o obj/parser.o obj/visitor.o
#  Implicit rule search has not been done.
#  Modification time never checked.
#  File has not been updated.
#  commands to execute (from `makefile', line 46):
	@$(LD) $@ $(LDFLAGS) $(T_LIBOBJS) $(filter-out obj/main.o, $(OBJECTS)) $(subst $(BINDIR),$(OBJDIR),$@).o
	

bin/parser.test::
#  Implicit rule search has not been done.
#  Modification time never checked.
#  File has not been updated.
#  commands to execute (from `makefile', line 72):
	@echo "Running \033[4m$(subst $(BINDIR)/,,$@)\033[0m"
	@./$@
	

# Not a target:
.DEFAULT:
#  Implicit rule search has not been done.
#  Modification time never checked.
#  File has not been updated.

run: bin/main
#  Phony target (prerequisite of .PHONY).
#  Implicit rule search has not been done.
#  File does not exist.
#  File has not been updated.
#  commands to execute (from `makefile', line 77):
	./$< examples/Carbonara.rcp -o dist
	

clean:
#  Phony target (prerequisite of .PHONY).
#  Implicit rule search has not been done.
#  File does not exist.
#  File has not been updated.
#  commands to execute (from `makefile', line 64):
	@$(RM) $(OBJDIR) $(DISDIR)
	@echo "Cleanup complete!"
	

# Not a target:
src/main.cpp:
#  Implicit rule search has not been done.
#  Modification time never checked.
#  File has not been updated.

# Not a target:
src/lexer.cpp:
 
#  Implicit rule search has not been done.
#  Modification time never checked.
#  File has not been updated.

# Not a target:
src/epicr.cpp:
#  Implicit rule search has not been done.
#  Modification time never checked.
#  File has not been updated.

obj/visitor.test.o: src/testing/visitor.test.cpp
#  Implicit rule search has not been done.
#  Implicit/static pattern stem: `visitor.test'
#  Modification time never checked.
#  File has not been updated.
#  commands to execute (from `makefile', line 49):
	@$(MKDIRS)
	@$(CXX) $(CXXFLAGS) -c $< -o $@
	

bin/lexer.test:: obj/exceptions.test.o obj/lexer.test.o obj/parser.test.o obj/test_lib.o obj/visitor.test.o obj/epicr.o obj/lexer.o obj/main.o obj/minf.o obj/outgen.o obj/parser.o obj/visitor.o
#  Implicit rule search has not been done.
#  Modification time never checked.
#  File has not been updated.
#  commands to execute (from `makefile', line 46):
	@$(LD) $@ $(LDFLAGS) $(T_LIBOBJS) $(filter-out obj/main.o, $(OBJECTS)) $(subst $(BINDIR),$(OBJDIR),$@).o
	

bin/lexer.test::
#  Implicit rule search has not been done.
#  Modification time never checked.
#  File has not been updated.
#  commands to execute (from `makefile', line 72):
	@echo "Running \033[4m$(subst $(BINDIR)/,,$@)\033[0m"
	@./$@
	

bin/main: obj/epicr.o obj/lexer.o obj/main.o obj/minf.o obj/outgen.o obj/parser.o obj/visitor.o
#  Implicit rule search has not been done.
#  Modification time never checked.
#  File has not been updated.
#  commands to execute (from `makefile', line 53):
	@$(LD) $@$(BIN_EXT) $(LDFLAGS) $(OBJECTS)
	@echo "Linking complete!"
	

gui: bin/main
#  Phony target (prerequisite of .PHONY).
#  Implicit rule search has not been done.
#  File does not exist.
#  File has not been updated.
#  commands to execute (from `makefile', line 88):
	python3 src/GUI.py
	

obj/visitor.o: src/visitor.cpp
#  Implicit rule search has not been done.
#  Implicit/static pattern stem: `visitor'
#  Modification time never checked.
#  File has not been updated.
#  commands to execute (from `makefile', line 57):
	@$(MKDIRS)
	@$(CXX) $(CXXFLAGS) -c $< -o $@
	@echo "Compiled "$<" successfully!"
	

obj/test_lib.o: src/testing/test_lib.cpp
#  Implicit rule search has not been done.
#  Implicit/static pattern stem: `test_lib'
#  Modification time never checked.
#  File has not been updated.
#  commands to execute (from `makefile', line 49):
	@$(MKDIRS)
	@$(CXX) $(CXXFLAGS) -c $< -o $@
	

obj/minf.o: src/minf.cpp
#  Implicit rule search has not been done.
#  Implicit/static pattern stem: `minf'
#  Modification time never checked.
#  File has not been updated.
#  commands to execute (from `makefile', line 57):
	@$(MKDIRS)
	@$(CXX) $(CXXFLAGS) -c $< -o $@
	@echo "Compiled "$<" successfully!"
	

obj/exceptions.test.o: src/testing/exceptions.test.cpp
#  Implicit rule search has not been done.
#  Implicit/static pattern stem: `exceptions.test'
#  Modification time never checked.
#  File has not been updated.
#  commands to execute (from `makefile', line 49):
	@$(MKDIRS)
	@$(CXX) $(CXXFLAGS) -c $< -o $@
	

# Not a target:
src/testing/visitor.test.cpp:
#  Implicit rule search has not been done.
#  Modification time never checked.
#  File has not been updated.

obj/parser.test.o: src/testing/parser.test.cpp
#  Implicit rule search has not been done.
#  Implicit/static pattern stem: `parser.test'
#  Modification time never checked.
#  File has not been updated.
#  commands to execute (from `makefile', line 49):
	@$(MKDIRS)
	@$(CXX) $(CXXFLAGS) -c $< -o $@
	

# files hash-table stats:
# Load=41/1024=4%, Rehash=0, Collisions=0/148=0%
# VPATH Search Paths

# No `vpath' search paths.

# No general (`VPATH' variable) search path.

# # of strings in strcache: 1
# # of strcache buffers: 1
# strcache size: total = 4096 / max = 4096 / min = 4096 / avg = 4096
# strcache free: total = 4087 / max = 4087 / min = 4087 / avg = 4087

# Finished Make data base on Tue Apr 26 10:13:46 2022

 
